---------------------------------------
Begin Slurm Prolog: Apr-21-2024 22:19:32
Job ID:    5753419
User ID:   tye63
Account:   gts-phentenryck3-ai4opt
Job name:  demo_user
Partition: cpu-medium
QOS:       inferno
---------------------------------------
(CVXPY) Apr 21 10:19:37 PM: Encountered unexpected exception importing solver GLOP:
RuntimeError('Unrecognized new version of ortools (9.9.3963). Expected < 9.8.0. Please open a feature request on cvxpy to enable support for this version.')
(CVXPY) Apr 21 10:19:37 PM: Encountered unexpected exception importing solver PDLP:
RuntimeError('Unrecognized new version of ortools (9.9.3963). Expected < 9.8.0. Please open a feature request on cvxpy to enable support for this version.')
n_macroreps: 30, n_postreps: 50
For problem  OPENJ-1 :





No experiment file exists for PGD-B on OPENJ0. Creating new experiment.
No experiment file exists for PGD-B on OPENJ1. Creating new experiment.
No experiment file exists for PGD-B on OPENJ2. Creating new experiment.
No experiment file exists for PGD-B on OPENJ3. Creating new experiment.
No experiment file exists for PGD-B on OPENJ4. Creating new experiment.
No experiment file exists for PGD-I on OPENJ0. Creating new experiment.
No experiment file exists for PGD-I on OPENJ1. Creating new experiment.
No experiment file exists for PGD-I on OPENJ2. Creating new experiment.
No experiment file exists for PGD-I on OPENJ3. Creating new experiment.
No experiment file exists for PGD-I on OPENJ4. Creating new experiment.
No experiment file exists for PGD-Z on OPENJ0. Creating new experiment.
No experiment file exists for PGD-Z on OPENJ1. Creating new experiment.
No experiment file exists for PGD-Z on OPENJ2. Creating new experiment.
No experiment file exists for PGD-Z on OPENJ3. Creating new experiment.
No experiment file exists for PGD-Z on OPENJ4. Creating new experiment.
No experiment file exists for PGD-SS on OPENJ0. Creating new experiment.
No experiment file exists for PGD-SS on OPENJ1. Creating new experiment.
No experiment file exists for PGD-SS on OPENJ2. Creating new experiment.
No experiment file exists for PGD-SS on OPENJ3. Creating new experiment.
No experiment file exists for PGD-SS on OPENJ4. Creating new experiment.
No experiment file exists for AS-B on OPENJ0. Creating new experiment.
No experiment file exists for AS-B on OPENJ1. Creating new experiment.
No experiment file exists for AS-B on OPENJ2. Creating new experiment.
No experiment file exists for AS-B on OPENJ3. Creating new experiment.
No experiment file exists for AS-B on OPENJ4. Creating new experiment.
No experiment file exists for AS-I on OPENJ0. Creating new experiment.
No experiment file exists for AS-I on OPENJ1. Creating new experiment.
No experiment file exists for AS-I on OPENJ2. Creating new experiment.
No experiment file exists for AS-I on OPENJ3. Creating new experiment.
No experiment file exists for AS-I on OPENJ4. Creating new experiment.
No experiment file exists for AS-Z on OPENJ0. Creating new experiment.
No experiment file exists for AS-Z on OPENJ1. Creating new experiment.
No experiment file exists for AS-Z on OPENJ2. Creating new experiment.
No experiment file exists for AS-Z on OPENJ3. Creating new experiment.
No experiment file exists for AS-Z on OPENJ4. Creating new experiment.
No experiment file exists for AS-SS on OPENJ0. Creating new experiment.
No experiment file exists for AS-SS on OPENJ1. Creating new experiment.
No experiment file exists for AS-SS on OPENJ2. Creating new experiment.
No experiment file exists for AS-SS on OPENJ3. Creating new experiment.
No experiment file exists for AS-SS on OPENJ4. Creating new experiment.
No experiment file exists for FW-B on OPENJ0. Creating new experiment.
No experiment file exists for FW-B on OPENJ1. Creating new experiment.
No experiment file exists for FW-B on OPENJ2. Creating new experiment.
No experiment file exists for FW-B on OPENJ3. Creating new experiment.
No experiment file exists for FW-B on OPENJ4. Creating new experiment.
No experiment file exists for FW-I on OPENJ0. Creating new experiment.
No experiment file exists for FW-I on OPENJ1. Creating new experiment.
No experiment file exists for FW-I on OPENJ2. Creating new experiment.
No experiment file exists for FW-I on OPENJ3. Creating new experiment.
No experiment file exists for FW-I on OPENJ4. Creating new experiment.
No experiment file exists for FW-Z on OPENJ0. Creating new experiment.
No experiment file exists for FW-Z on OPENJ1. Creating new experiment.
No experiment file exists for FW-Z on OPENJ2. Creating new experiment.
No experiment file exists for FW-Z on OPENJ3. Creating new experiment.
No experiment file exists for FW-Z on OPENJ4. Creating new experiment.
No experiment file exists for FW-SS on OPENJ0. Creating new experiment.
No experiment file exists for FW-SS on OPENJ1. Creating new experiment.
No experiment file exists for FW-SS on OPENJ2. Creating new experiment.
No experiment file exists for FW-SS on OPENJ3. Creating new experiment.
No experiment file exists for FW-SS on OPENJ4. Creating new experiment.
Running 30 macro-replications of PGD-B on OPENJ0.
Running Solver PGD-B on Problem OPENJ0.
Macroreplication 3: Starting Solver PGD-B on Problem OPENJ0.
Macroreplication 3: Finished Solver PGD-B on Problem OPENJ0 in 844.6666 seconds.
Macroreplication 25: Starting Solver PGD-B on Problem OPENJ0.
Macroreplication 25: Finished Solver PGD-B on Problem OPENJ0 in 864.0805 seconds.
Macroreplication 23: Starting Solver PGD-B on Problem OPENJ0.
Macroreplication 23: Finished Solver PGD-B on Problem OPENJ0 in 867.0463 seconds.
Macroreplication 18: Starting Solver PGD-B on Problem OPENJ0.
Macroreplication 18: Finished Solver PGD-B on Problem OPENJ0 in 874.6676 seconds.
Macroreplication 29: Starting Solver PGD-B on Problem OPENJ0.
Macroreplication 29: Finished Solver PGD-B on Problem OPENJ0 in 876.3282 seconds.
Macroreplication 14: Starting Solver PGD-B on Problem OPENJ0.
Macroreplication 14: Finished Solver PGD-B on Problem OPENJ0 in 877.7062 seconds.
Macroreplication 8: Starting Solver PGD-B on Problem OPENJ0.
Macroreplication 8: Finished Solver PGD-B on Problem OPENJ0 in 880.0594 seconds.
Macroreplication 12: Starting Solver PGD-B on Problem OPENJ0.
Macroreplication 12: Finished Solver PGD-B on Problem OPENJ0 in 881.2689 seconds.
Macroreplication 19: Starting Solver PGD-B on Problem OPENJ0.
Macroreplication 19: Finished Solver PGD-B on Problem OPENJ0 in 888.1379 seconds.
Macroreplication 22: Starting Solver PGD-B on Problem OPENJ0.
Macroreplication 22: Finished Solver PGD-B on Problem OPENJ0 in 890.2881 seconds.
Macroreplication 16: Starting Solver PGD-B on Problem OPENJ0.
Macroreplication 16: Finished Solver PGD-B on Problem OPENJ0 in 892.0885 seconds.
Macroreplication 15: Starting Solver PGD-B on Problem OPENJ0.
Macroreplication 15: Finished Solver PGD-B on Problem OPENJ0 in 894.8790 seconds.
Macroreplication 6: Starting Solver PGD-B on Problem OPENJ0.
Macroreplication 6: Finished Solver PGD-B on Problem OPENJ0 in 897.9850 seconds.
Macroreplication 11: Starting Solver PGD-B on Problem OPENJ0.
Macroreplication 11: Finished Solver PGD-B on Problem OPENJ0 in 903.3788 seconds.
Macroreplication 30: Starting Solver PGD-B on Problem OPENJ0.
Macroreplication 30: Finished Solver PGD-B on Problem OPENJ0 in 910.2931 seconds.
Macroreplication 10: Starting Solver PGD-B on Problem OPENJ0.
Macroreplication 10: Finished Solver PGD-B on Problem OPENJ0 in 911.2576 seconds.
Macroreplication 1: Starting Solver PGD-B on Problem OPENJ0.
Macroreplication 1: Finished Solver PGD-B on Problem OPENJ0 in 913.5485 seconds.
Macroreplication 20: Starting Solver PGD-B on Problem OPENJ0.
Macroreplication 20: Finished Solver PGD-B on Problem OPENJ0 in 915.7725 seconds.
Macroreplication 24: Starting Solver PGD-B on Problem OPENJ0.
Macroreplication 24: Finished Solver PGD-B on Problem OPENJ0 in 916.1401 seconds.
Macroreplication 2: Starting Solver PGD-B on Problem OPENJ0.
Macroreplication 2: Finished Solver PGD-B on Problem OPENJ0 in 918.5961 seconds.
Macroreplication 26: Starting Solver PGD-B on Problem OPENJ0.
Macroreplication 26: Finished Solver PGD-B on Problem OPENJ0 in 917.9608 seconds.
Macroreplication 21: Starting Solver PGD-B on Problem OPENJ0.
Macroreplication 21: Finished Solver PGD-B on Problem OPENJ0 in 918.9271 seconds.
Macroreplication 7: Starting Solver PGD-B on Problem OPENJ0.
Macroreplication 7: Finished Solver PGD-B on Problem OPENJ0 in 919.5183 seconds.
Macroreplication 28: Starting Solver PGD-B on Problem OPENJ0.
Macroreplication 28: Finished Solver PGD-B on Problem OPENJ0 in 920.5566 seconds.
Macroreplication 17: Starting Solver PGD-B on Problem OPENJ0.
Macroreplication 17: Finished Solver PGD-B on Problem OPENJ0 in 921.3648 seconds.
Macroreplication 9: Starting Solver PGD-B on Problem OPENJ0.
Macroreplication 9: Finished Solver PGD-B on Problem OPENJ0 in 923.1198 seconds.
Macroreplication 13: Starting Solver PGD-B on Problem OPENJ0.
Macroreplication 13: Finished Solver PGD-B on Problem OPENJ0 in 923.0313 seconds.
Macroreplication 5: Starting Solver PGD-B on Problem OPENJ0.
Macroreplication 5: Finished Solver PGD-B on Problem OPENJ0 in 924.4220 seconds.
Macroreplication 27: Starting Solver PGD-B on Problem OPENJ0.
Macroreplication 27: Finished Solver PGD-B on Problem OPENJ0 in 925.1581 seconds.
Macroreplication 4: Starting Solver PGD-B on Problem OPENJ0.
Macroreplication 4: Finished Solver PGD-B on Problem OPENJ0 in 927.4556 seconds.
Total runtime: 927.4861 seconds (30.9162 seconds per macroreplication)

Running 30 macro-replications of PGD-B on OPENJ1.
Running Solver PGD-B on Problem OPENJ1.
Macroreplication 18: Starting Solver PGD-B on Problem OPENJ1.
Macroreplication 18: Finished Solver PGD-B on Problem OPENJ1 in 842.5504 seconds.
Macroreplication 14: Starting Solver PGD-B on Problem OPENJ1.
Macroreplication 14: Finished Solver PGD-B on Problem OPENJ1 in 851.0320 seconds.
Macroreplication 25: Starting Solver PGD-B on Problem OPENJ1.
Macroreplication 25: Finished Solver PGD-B on Problem OPENJ1 in 859.4828 seconds.
Macroreplication 8: Starting Solver PGD-B on Problem OPENJ1.
Macroreplication 8: Finished Solver PGD-B on Problem OPENJ1 in 861.8306 seconds.
Macroreplication 3: Starting Solver PGD-B on Problem OPENJ1.
Macroreplication 3: Finished Solver PGD-B on Problem OPENJ1 in 863.8726 seconds.
Macroreplication 10: Starting Solver PGD-B on Problem OPENJ1.
Macroreplication 10: Finished Solver PGD-B on Problem OPENJ1 in 870.8745 seconds.
Macroreplication 23: Starting Solver PGD-B on Problem OPENJ1.
Macroreplication 23: Finished Solver PGD-B on Problem OPENJ1 in 879.4940 seconds.
Macroreplication 16: Starting Solver PGD-B on Problem OPENJ1.
Macroreplication 16: Finished Solver PGD-B on Problem OPENJ1 in 880.7414 seconds.
Macroreplication 9: Starting Solver PGD-B on Problem OPENJ1.
Macroreplication 9: Finished Solver PGD-B on Problem OPENJ1 in 883.0037 seconds.
Macroreplication 15: Starting Solver PGD-B on Problem OPENJ1.
Macroreplication 15: Finished Solver PGD-B on Problem OPENJ1 in 886.5269 seconds.
Macroreplication 2: Starting Solver PGD-B on Problem OPENJ1.
Macroreplication 2: Finished Solver PGD-B on Problem OPENJ1 in 892.0140 seconds.
Macroreplication 6: Starting Solver PGD-B on Problem OPENJ1.
Macroreplication 6: Finished Solver PGD-B on Problem OPENJ1 in 893.1802 seconds.
Macroreplication 12: Starting Solver PGD-B on Problem OPENJ1.
Macroreplication 12: Finished Solver PGD-B on Problem OPENJ1 in 898.1614 seconds.
Macroreplication 19: Starting Solver PGD-B on Problem OPENJ1.
Macroreplication 19: Finished Solver PGD-B on Problem OPENJ1 in 898.0672 seconds.
Macroreplication 17: Starting Solver PGD-B on Problem OPENJ1.
Macroreplication 17: Finished Solver PGD-B on Problem OPENJ1 in 898.3428 seconds.
Macroreplication 22: Starting Solver PGD-B on Problem OPENJ1.
Macroreplication 22: Finished Solver PGD-B on Problem OPENJ1 in 898.8923 seconds.
Macroreplication 7: Starting Solver PGD-B on Problem OPENJ1.
Macroreplication 7: Finished Solver PGD-B on Problem OPENJ1 in 901.3652 seconds.
Macroreplication 4: Starting Solver PGD-B on Problem OPENJ1.
Macroreplication 4: Finished Solver PGD-B on Problem OPENJ1 in 907.5979 seconds.
Macroreplication 30: Starting Solver PGD-B on Problem OPENJ1.
Macroreplication 30: Finished Solver PGD-B on Problem OPENJ1 in 907.7232 seconds.
Macroreplication 5: Starting Solver PGD-B on Problem OPENJ1.
Macroreplication 5: Finished Solver PGD-B on Problem OPENJ1 in 908.8815 seconds.
Macroreplication 26: Starting Solver PGD-B on Problem OPENJ1.
Macroreplication 26: Finished Solver PGD-B on Problem OPENJ1 in 910.7764 seconds.
Macroreplication 28: Starting Solver PGD-B on Problem OPENJ1.
Macroreplication 28: Finished Solver PGD-B on Problem OPENJ1 in 911.0781 seconds.
Macroreplication 24: Starting Solver PGD-B on Problem OPENJ1.
Macroreplication 24: Finished Solver PGD-B on Problem OPENJ1 in 911.9689 seconds.
Macroreplication 20: Starting Solver PGD-B on Problem OPENJ1.
Macroreplication 20: Finished Solver PGD-B on Problem OPENJ1 in 913.7051 seconds.
Macroreplication 1: Starting Solver PGD-B on Problem OPENJ1.
Macroreplication 1: Finished Solver PGD-B on Problem OPENJ1 in 915.7225 seconds.
Macroreplication 29: Starting Solver PGD-B on Problem OPENJ1.
Macroreplication 29: Finished Solver PGD-B on Problem OPENJ1 in 915.9643 seconds.
Macroreplication 27: Starting Solver PGD-B on Problem OPENJ1.
Macroreplication 27: Finished Solver PGD-B on Problem OPENJ1 in 916.3668 seconds.
Macroreplication 21: Starting Solver PGD-B on Problem OPENJ1.
Macroreplication 21: Finished Solver PGD-B on Problem OPENJ1 in 918.9744 seconds.
Macroreplication 11: Starting Solver PGD-B on Problem OPENJ1.
Macroreplication 11: Finished Solver PGD-B on Problem OPENJ1 in 920.8152 seconds.
Macroreplication 13: Starting Solver PGD-B on Problem OPENJ1.
Macroreplication 13: Finished Solver PGD-B on Problem OPENJ1 in 921.0693 seconds.
Total runtime: 921.4041 seconds (30.7135 seconds per macroreplication)

Running 30 macro-replications of PGD-B on OPENJ2.
Running Solver PGD-B on Problem OPENJ2.
Macroreplication 8: Starting Solver PGD-B on Problem OPENJ2.
Macroreplication 8: Finished Solver PGD-B on Problem OPENJ2 in 847.6500 seconds.
Macroreplication 25: Starting Solver PGD-B on Problem OPENJ2.
Macroreplication 25: Finished Solver PGD-B on Problem OPENJ2 in 855.7137 seconds.
Macroreplication 10: Starting Solver PGD-B on Problem OPENJ2.
Macroreplication 10: Finished Solver PGD-B on Problem OPENJ2 in 857.1660 seconds.
Macroreplication 14: Starting Solver PGD-B on Problem OPENJ2.
Macroreplication 14: Finished Solver PGD-B on Problem OPENJ2 in 860.7570 seconds.
Macroreplication 22: Starting Solver PGD-B on Problem OPENJ2.
Macroreplication 22: Finished Solver PGD-B on Problem OPENJ2 in 875.0033 seconds.
Macroreplication 3: Starting Solver PGD-B on Problem OPENJ2.
Macroreplication 3: Finished Solver PGD-B on Problem OPENJ2 in 876.1546 seconds.
Macroreplication 19: Starting Solver PGD-B on Problem OPENJ2.
Macroreplication 19: Finished Solver PGD-B on Problem OPENJ2 in 880.4568 seconds.
Macroreplication 9: Starting Solver PGD-B on Problem OPENJ2.
Macroreplication 9: Finished Solver PGD-B on Problem OPENJ2 in 885.3328 seconds.
Macroreplication 18: Starting Solver PGD-B on Problem OPENJ2.
Macroreplication 18: Finished Solver PGD-B on Problem OPENJ2 in 886.4709 seconds.
Macroreplication 6: Starting Solver PGD-B on Problem OPENJ2.
Macroreplication 6: Finished Solver PGD-B on Problem OPENJ2 in 892.9692 seconds.
Macroreplication 30: Starting Solver PGD-B on Problem OPENJ2.
Macroreplication 30: Finished Solver PGD-B on Problem OPENJ2 in 892.3912 seconds.
Macroreplication 2: Starting Solver PGD-B on Problem OPENJ2.
Macroreplication 2: Finished Solver PGD-B on Problem OPENJ2 in 897.2107 seconds.
Macroreplication 21: Starting Solver PGD-B on Problem OPENJ2.
Macroreplication 21: Finished Solver PGD-B on Problem OPENJ2 in 897.2637 seconds.
Macroreplication 17: Starting Solver PGD-B on Problem OPENJ2.
Macroreplication 17: Finished Solver PGD-B on Problem OPENJ2 in 899.3477 seconds.
Macroreplication 16: Starting Solver PGD-B on Problem OPENJ2.
Macroreplication 16: Finished Solver PGD-B on Problem OPENJ2 in 901.3929 seconds.
Macroreplication 12: Starting Solver PGD-B on Problem OPENJ2.
Macroreplication 12: Finished Solver PGD-B on Problem OPENJ2 in 903.2065 seconds.
Macroreplication 28: Starting Solver PGD-B on Problem OPENJ2.
Macroreplication 28: Finished Solver PGD-B on Problem OPENJ2 in 916.0785 seconds.
Macroreplication 20: Starting Solver PGD-B on Problem OPENJ2.
Macroreplication 20: Finished Solver PGD-B on Problem OPENJ2 in 916.8275 seconds.
Macroreplication 15: Starting Solver PGD-B on Problem OPENJ2.
Macroreplication 15: Finished Solver PGD-B on Problem OPENJ2 in 920.4610 seconds.
Macroreplication 11: Starting Solver PGD-B on Problem OPENJ2.
Macroreplication 11: Finished Solver PGD-B on Problem OPENJ2 in 920.9123 seconds.
Macroreplication 23: Starting Solver PGD-B on Problem OPENJ2.
Macroreplication 23: Finished Solver PGD-B on Problem OPENJ2 in 920.4315 seconds.
Macroreplication 26: Starting Solver PGD-B on Problem OPENJ2.
Macroreplication 26: Finished Solver PGD-B on Problem OPENJ2 in 920.4304 seconds.
Macroreplication 13: Starting Solver PGD-B on Problem OPENJ2.
Macroreplication 13: Finished Solver PGD-B on Problem OPENJ2 in 922.5235 seconds.
Macroreplication 1: Starting Solver PGD-B on Problem OPENJ2.
Macroreplication 1: Finished Solver PGD-B on Problem OPENJ2 in 923.6717 seconds.
Macroreplication 4: Starting Solver PGD-B on Problem OPENJ2.
Macroreplication 4: Finished Solver PGD-B on Problem OPENJ2 in 925.9117 seconds.
Macroreplication 29: Starting Solver PGD-B on Problem OPENJ2.
Macroreplication 29: Finished Solver PGD-B on Problem OPENJ2 in 924.9939 seconds.
Macroreplication 5: Starting Solver PGD-B on Problem OPENJ2.
Macroreplication 5: Finished Solver PGD-B on Problem OPENJ2 in 926.0681 seconds.
Macroreplication 7: Starting Solver PGD-B on Problem OPENJ2.
Macroreplication 7: Finished Solver PGD-B on Problem OPENJ2 in 927.3538 seconds.
Macroreplication 27: Starting Solver PGD-B on Problem OPENJ2.
Macroreplication 27: Finished Solver PGD-B on Problem OPENJ2 in 927.9456 seconds.
Macroreplication 24: Starting Solver PGD-B on Problem OPENJ2.
Macroreplication 24: Finished Solver PGD-B on Problem OPENJ2 in 931.1432 seconds.
Total runtime: 931.8729 seconds (31.0624 seconds per macroreplication)

Running 30 macro-replications of PGD-B on OPENJ3.
Running Solver PGD-B on Problem OPENJ3.
