---------------------------------------
Begin Slurm Prolog: Apr-22-2024 15:41:40
Job ID:    5759804
User ID:   tye63
Account:   gts-phentenryck3-ai4opt
Job name:  rnd_exp
Partition: cpu-medium
QOS:       inferno
---------------------------------------
(CVXPY) Apr 22 03:41:44 PM: Encountered unexpected exception importing solver GLOP:
RuntimeError('Unrecognized new version of ortools (9.9.3963). Expected < 9.8.0. Please open a feature request on cvxpy to enable support for this version.')
(CVXPY) Apr 22 03:41:44 PM: Encountered unexpected exception importing solver PDLP:
RuntimeError('Unrecognized new version of ortools (9.9.3963). Expected < 9.8.0. Please open a feature request on cvxpy to enable support for this version.')
n_macroreps: 30, n_postreps: 50
No experiment file exists for PGD-B on OPENJ-R1. Creating new experiment.
No experiment file exists for PGD-B on OPENJ-R2. Creating new experiment.
No experiment file exists for PGD-B on OPENJ-R3. Creating new experiment.
No experiment file exists for PGD-B on OPENJ-R4. Creating new experiment.
No experiment file exists for PGD-B on OPENJ-R5. Creating new experiment.
No experiment file exists for PGD-B on SAN-R1. Creating new experiment.
No experiment file exists for PGD-B on SAN-R2. Creating new experiment.
No experiment file exists for PGD-B on SAN-R3. Creating new experiment.
No experiment file exists for PGD-B on SAN-R4. Creating new experiment.
No experiment file exists for PGD-B on SAN-R5. Creating new experiment.
No experiment file exists for PGD-B on SMF-R1. Creating new experiment.
No experiment file exists for PGD-B on SMF-R2. Creating new experiment.
No experiment file exists for PGD-B on SMF-R3. Creating new experiment.
No experiment file exists for PGD-B on SMF-R4. Creating new experiment.
No experiment file exists for PGD-B on SMF-R5. Creating new experiment.
No experiment file exists for PGD-B on SMFCVX-R1. Creating new experiment.
No experiment file exists for PGD-B on SMFCVX-R2. Creating new experiment.
No experiment file exists for PGD-B on SMFCVX-R3. Creating new experiment.
No experiment file exists for PGD-B on SMFCVX-R4. Creating new experiment.
No experiment file exists for PGD-B on SMFCVX-R5. Creating new experiment.
No experiment file exists for PGD-B on Cascade-R1. Creating new experiment.
No experiment file exists for PGD-B on Cascade-R2. Creating new experiment.
No experiment file exists for PGD-B on Cascade-R3. Creating new experiment.
No experiment file exists for PGD-B on Cascade-R4. Creating new experiment.
No experiment file exists for PGD-B on Cascade-R5. Creating new experiment.
No experiment file exists for PGD-I on OPENJ-R1. Creating new experiment.
No experiment file exists for PGD-I on OPENJ-R2. Creating new experiment.
No experiment file exists for PGD-I on OPENJ-R3. Creating new experiment.
No experiment file exists for PGD-I on OPENJ-R4. Creating new experiment.
No experiment file exists for PGD-I on OPENJ-R5. Creating new experiment.
No experiment file exists for PGD-I on SAN-R1. Creating new experiment.
No experiment file exists for PGD-I on SAN-R2. Creating new experiment.
No experiment file exists for PGD-I on SAN-R3. Creating new experiment.
No experiment file exists for PGD-I on SAN-R4. Creating new experiment.
No experiment file exists for PGD-I on SAN-R5. Creating new experiment.
No experiment file exists for PGD-I on SMF-R1. Creating new experiment.
No experiment file exists for PGD-I on SMF-R2. Creating new experiment.
No experiment file exists for PGD-I on SMF-R3. Creating new experiment.
No experiment file exists for PGD-I on SMF-R4. Creating new experiment.
No experiment file exists for PGD-I on SMF-R5. Creating new experiment.
No experiment file exists for PGD-I on SMFCVX-R1. Creating new experiment.
No experiment file exists for PGD-I on SMFCVX-R2. Creating new experiment.
No experiment file exists for PGD-I on SMFCVX-R3. Creating new experiment.
No experiment file exists for PGD-I on SMFCVX-R4. Creating new experiment.
No experiment file exists for PGD-I on SMFCVX-R5. Creating new experiment.
No experiment file exists for PGD-I on Cascade-R1. Creating new experiment.
No experiment file exists for PGD-I on Cascade-R2. Creating new experiment.
No experiment file exists for PGD-I on Cascade-R3. Creating new experiment.
No experiment file exists for PGD-I on Cascade-R4. Creating new experiment.
No experiment file exists for PGD-I on Cascade-R5. Creating new experiment.
No experiment file exists for PGD-Z on OPENJ-R1. Creating new experiment.
No experiment file exists for PGD-Z on OPENJ-R2. Creating new experiment.
No experiment file exists for PGD-Z on OPENJ-R3. Creating new experiment.
No experiment file exists for PGD-Z on OPENJ-R4. Creating new experiment.
No experiment file exists for PGD-Z on OPENJ-R5. Creating new experiment.
No experiment file exists for PGD-Z on SAN-R1. Creating new experiment.
No experiment file exists for PGD-Z on SAN-R2. Creating new experiment.
No experiment file exists for PGD-Z on SAN-R3. Creating new experiment.
No experiment file exists for PGD-Z on SAN-R4. Creating new experiment.
No experiment file exists for PGD-Z on SAN-R5. Creating new experiment.
No experiment file exists for PGD-Z on SMF-R1. Creating new experiment.
No experiment file exists for PGD-Z on SMF-R2. Creating new experiment.
No experiment file exists for PGD-Z on SMF-R3. Creating new experiment.
No experiment file exists for PGD-Z on SMF-R4. Creating new experiment.
No experiment file exists for PGD-Z on SMF-R5. Creating new experiment.
No experiment file exists for PGD-Z on SMFCVX-R1. Creating new experiment.
No experiment file exists for PGD-Z on SMFCVX-R2. Creating new experiment.
No experiment file exists for PGD-Z on SMFCVX-R3. Creating new experiment.
No experiment file exists for PGD-Z on SMFCVX-R4. Creating new experiment.
No experiment file exists for PGD-Z on SMFCVX-R5. Creating new experiment.
No experiment file exists for PGD-Z on Cascade-R1. Creating new experiment.
No experiment file exists for PGD-Z on Cascade-R2. Creating new experiment.
No experiment file exists for PGD-Z on Cascade-R3. Creating new experiment.
No experiment file exists for PGD-Z on Cascade-R4. Creating new experiment.
No experiment file exists for PGD-Z on Cascade-R5. Creating new experiment.
No experiment file exists for PGD-SS on OPENJ-R1. Creating new experiment.
No experiment file exists for PGD-SS on OPENJ-R2. Creating new experiment.
No experiment file exists for PGD-SS on OPENJ-R3. Creating new experiment.
No experiment file exists for PGD-SS on OPENJ-R4. Creating new experiment.
No experiment file exists for PGD-SS on OPENJ-R5. Creating new experiment.
No experiment file exists for PGD-SS on SAN-R1. Creating new experiment.
No experiment file exists for PGD-SS on SAN-R2. Creating new experiment.
No experiment file exists for PGD-SS on SAN-R3. Creating new experiment.
No experiment file exists for PGD-SS on SAN-R4. Creating new experiment.
No experiment file exists for PGD-SS on SAN-R5. Creating new experiment.
No experiment file exists for PGD-SS on SMF-R1. Creating new experiment.
No experiment file exists for PGD-SS on SMF-R2. Creating new experiment.
No experiment file exists for PGD-SS on SMF-R3. Creating new experiment.
No experiment file exists for PGD-SS on SMF-R4. Creating new experiment.
No experiment file exists for PGD-SS on SMF-R5. Creating new experiment.
No experiment file exists for PGD-SS on SMFCVX-R1. Creating new experiment.
No experiment file exists for PGD-SS on SMFCVX-R2. Creating new experiment.
No experiment file exists for PGD-SS on SMFCVX-R3. Creating new experiment.
No experiment file exists for PGD-SS on SMFCVX-R4. Creating new experiment.
No experiment file exists for PGD-SS on SMFCVX-R5. Creating new experiment.
No experiment file exists for PGD-SS on Cascade-R1. Creating new experiment.
No experiment file exists for PGD-SS on Cascade-R2. Creating new experiment.
No experiment file exists for PGD-SS on Cascade-R3. Creating new experiment.
No experiment file exists for PGD-SS on Cascade-R4. Creating new experiment.
No experiment file exists for PGD-SS on Cascade-R5. Creating new experiment.
No experiment file exists for AS-B on OPENJ-R1. Creating new experiment.
No experiment file exists for AS-B on OPENJ-R2. Creating new experiment.
No experiment file exists for AS-B on OPENJ-R3. Creating new experiment.
No experiment file exists for AS-B on OPENJ-R4. Creating new experiment.
No experiment file exists for AS-B on OPENJ-R5. Creating new experiment.
No experiment file exists for AS-B on SAN-R1. Creating new experiment.
No experiment file exists for AS-B on SAN-R2. Creating new experiment.
No experiment file exists for AS-B on SAN-R3. Creating new experiment.
No experiment file exists for AS-B on SAN-R4. Creating new experiment.
No experiment file exists for AS-B on SAN-R5. Creating new experiment.
No experiment file exists for AS-B on SMF-R1. Creating new experiment.
No experiment file exists for AS-B on SMF-R2. Creating new experiment.
No experiment file exists for AS-B on SMF-R3. Creating new experiment.
No experiment file exists for AS-B on SMF-R4. Creating new experiment.
No experiment file exists for AS-B on SMF-R5. Creating new experiment.
No experiment file exists for AS-B on SMFCVX-R1. Creating new experiment.
No experiment file exists for AS-B on SMFCVX-R2. Creating new experiment.
No experiment file exists for AS-B on SMFCVX-R3. Creating new experiment.
No experiment file exists for AS-B on SMFCVX-R4. Creating new experiment.
No experiment file exists for AS-B on SMFCVX-R5. Creating new experiment.
No experiment file exists for AS-B on Cascade-R1. Creating new experiment.
No experiment file exists for AS-B on Cascade-R2. Creating new experiment.
No experiment file exists for AS-B on Cascade-R3. Creating new experiment.
No experiment file exists for AS-B on Cascade-R4. Creating new experiment.
No experiment file exists for AS-B on Cascade-R5. Creating new experiment.
No experiment file exists for AS-I on OPENJ-R1. Creating new experiment.
No experiment file exists for AS-I on OPENJ-R2. Creating new experiment.
No experiment file exists for AS-I on OPENJ-R3. Creating new experiment.
No experiment file exists for AS-I on OPENJ-R4. Creating new experiment.
No experiment file exists for AS-I on OPENJ-R5. Creating new experiment.
No experiment file exists for AS-I on SAN-R1. Creating new experiment.
No experiment file exists for AS-I on SAN-R2. Creating new experiment.
No experiment file exists for AS-I on SAN-R3. Creating new experiment.
No experiment file exists for AS-I on SAN-R4. Creating new experiment.
No experiment file exists for AS-I on SAN-R5. Creating new experiment.
No experiment file exists for AS-I on SMF-R1. Creating new experiment.
No experiment file exists for AS-I on SMF-R2. Creating new experiment.
No experiment file exists for AS-I on SMF-R3. Creating new experiment.
No experiment file exists for AS-I on SMF-R4. Creating new experiment.
No experiment file exists for AS-I on SMF-R5. Creating new experiment.
No experiment file exists for AS-I on SMFCVX-R1. Creating new experiment.
No experiment file exists for AS-I on SMFCVX-R2. Creating new experiment.
No experiment file exists for AS-I on SMFCVX-R3. Creating new experiment.
No experiment file exists for AS-I on SMFCVX-R4. Creating new experiment.
No experiment file exists for AS-I on SMFCVX-R5. Creating new experiment.
No experiment file exists for AS-I on Cascade-R1. Creating new experiment.
No experiment file exists for AS-I on Cascade-R2. Creating new experiment.
No experiment file exists for AS-I on Cascade-R3. Creating new experiment.
No experiment file exists for AS-I on Cascade-R4. Creating new experiment.
No experiment file exists for AS-I on Cascade-R5. Creating new experiment.
No experiment file exists for AS-Z on OPENJ-R1. Creating new experiment.
No experiment file exists for AS-Z on OPENJ-R2. Creating new experiment.
No experiment file exists for AS-Z on OPENJ-R3. Creating new experiment.
No experiment file exists for AS-Z on OPENJ-R4. Creating new experiment.
No experiment file exists for AS-Z on OPENJ-R5. Creating new experiment.
No experiment file exists for AS-Z on SAN-R1. Creating new experiment.
No experiment file exists for AS-Z on SAN-R2. Creating new experiment.
No experiment file exists for AS-Z on SAN-R3. Creating new experiment.
No experiment file exists for AS-Z on SAN-R4. Creating new experiment.
No experiment file exists for AS-Z on SAN-R5. Creating new experiment.
No experiment file exists for AS-Z on SMF-R1. Creating new experiment.
No experiment file exists for AS-Z on SMF-R2. Creating new experiment.
No experiment file exists for AS-Z on SMF-R3. Creating new experiment.
No experiment file exists for AS-Z on SMF-R4. Creating new experiment.
No experiment file exists for AS-Z on SMF-R5. Creating new experiment.
No experiment file exists for AS-Z on SMFCVX-R1. Creating new experiment.
No experiment file exists for AS-Z on SMFCVX-R2. Creating new experiment.
No experiment file exists for AS-Z on SMFCVX-R3. Creating new experiment.
No experiment file exists for AS-Z on SMFCVX-R4. Creating new experiment.
No experiment file exists for AS-Z on SMFCVX-R5. Creating new experiment.
No experiment file exists for AS-Z on Cascade-R1. Creating new experiment.
No experiment file exists for AS-Z on Cascade-R2. Creating new experiment.
No experiment file exists for AS-Z on Cascade-R3. Creating new experiment.
No experiment file exists for AS-Z on Cascade-R4. Creating new experiment.
No experiment file exists for AS-Z on Cascade-R5. Creating new experiment.
No experiment file exists for AS-SS on OPENJ-R1. Creating new experiment.
No experiment file exists for AS-SS on OPENJ-R2. Creating new experiment.
No experiment file exists for AS-SS on OPENJ-R3. Creating new experiment.
No experiment file exists for AS-SS on OPENJ-R4. Creating new experiment.
No experiment file exists for AS-SS on OPENJ-R5. Creating new experiment.
No experiment file exists for AS-SS on SAN-R1. Creating new experiment.
No experiment file exists for AS-SS on SAN-R2. Creating new experiment.
No experiment file exists for AS-SS on SAN-R3. Creating new experiment.
No experiment file exists for AS-SS on SAN-R4. Creating new experiment.
No experiment file exists for AS-SS on SAN-R5. Creating new experiment.
No experiment file exists for AS-SS on SMF-R1. Creating new experiment.
No experiment file exists for AS-SS on SMF-R2. Creating new experiment.
No experiment file exists for AS-SS on SMF-R3. Creating new experiment.
No experiment file exists for AS-SS on SMF-R4. Creating new experiment.
No experiment file exists for AS-SS on SMF-R5. Creating new experiment.
No experiment file exists for AS-SS on SMFCVX-R1. Creating new experiment.
No experiment file exists for AS-SS on SMFCVX-R2. Creating new experiment.
No experiment file exists for AS-SS on SMFCVX-R3. Creating new experiment.
No experiment file exists for AS-SS on SMFCVX-R4. Creating new experiment.
No experiment file exists for AS-SS on SMFCVX-R5. Creating new experiment.
No experiment file exists for AS-SS on Cascade-R1. Creating new experiment.
No experiment file exists for AS-SS on Cascade-R2. Creating new experiment.
No experiment file exists for AS-SS on Cascade-R3. Creating new experiment.
No experiment file exists for AS-SS on Cascade-R4. Creating new experiment.
No experiment file exists for AS-SS on Cascade-R5. Creating new experiment.
No experiment file exists for FW-B on OPENJ-R1. Creating new experiment.
No experiment file exists for FW-B on OPENJ-R2. Creating new experiment.
No experiment file exists for FW-B on OPENJ-R3. Creating new experiment.
No experiment file exists for FW-B on OPENJ-R4. Creating new experiment.
No experiment file exists for FW-B on OPENJ-R5. Creating new experiment.
No experiment file exists for FW-B on SAN-R1. Creating new experiment.
No experiment file exists for FW-B on SAN-R2. Creating new experiment.
No experiment file exists for FW-B on SAN-R3. Creating new experiment.
No experiment file exists for FW-B on SAN-R4. Creating new experiment.
No experiment file exists for FW-B on SAN-R5. Creating new experiment.
No experiment file exists for FW-B on SMF-R1. Creating new experiment.
No experiment file exists for FW-B on SMF-R2. Creating new experiment.
No experiment file exists for FW-B on SMF-R3. Creating new experiment.
No experiment file exists for FW-B on SMF-R4. Creating new experiment.
No experiment file exists for FW-B on SMF-R5. Creating new experiment.
No experiment file exists for FW-B on SMFCVX-R1. Creating new experiment.
No experiment file exists for FW-B on SMFCVX-R2. Creating new experiment.
No experiment file exists for FW-B on SMFCVX-R3. Creating new experiment.
No experiment file exists for FW-B on SMFCVX-R4. Creating new experiment.
No experiment file exists for FW-B on SMFCVX-R5. Creating new experiment.
No experiment file exists for FW-B on Cascade-R1. Creating new experiment.
No experiment file exists for FW-B on Cascade-R2. Creating new experiment.
No experiment file exists for FW-B on Cascade-R3. Creating new experiment.
No experiment file exists for FW-B on Cascade-R4. Creating new experiment.
No experiment file exists for FW-B on Cascade-R5. Creating new experiment.
No experiment file exists for FW-I on OPENJ-R1. Creating new experiment.
No experiment file exists for FW-I on OPENJ-R2. Creating new experiment.
No experiment file exists for FW-I on OPENJ-R3. Creating new experiment.
No experiment file exists for FW-I on OPENJ-R4. Creating new experiment.
No experiment file exists for FW-I on OPENJ-R5. Creating new experiment.
No experiment file exists for FW-I on SAN-R1. Creating new experiment.
No experiment file exists for FW-I on SAN-R2. Creating new experiment.
No experiment file exists for FW-I on SAN-R3. Creating new experiment.
No experiment file exists for FW-I on SAN-R4. Creating new experiment.
No experiment file exists for FW-I on SAN-R5. Creating new experiment.
No experiment file exists for FW-I on SMF-R1. Creating new experiment.
No experiment file exists for FW-I on SMF-R2. Creating new experiment.
No experiment file exists for FW-I on SMF-R3. Creating new experiment.
No experiment file exists for FW-I on SMF-R4. Creating new experiment.
No experiment file exists for FW-I on SMF-R5. Creating new experiment.
No experiment file exists for FW-I on SMFCVX-R1. Creating new experiment.
No experiment file exists for FW-I on SMFCVX-R2. Creating new experiment.
No experiment file exists for FW-I on SMFCVX-R3. Creating new experiment.
No experiment file exists for FW-I on SMFCVX-R4. Creating new experiment.
No experiment file exists for FW-I on SMFCVX-R5. Creating new experiment.
No experiment file exists for FW-I on Cascade-R1. Creating new experiment.
No experiment file exists for FW-I on Cascade-R2. Creating new experiment.
No experiment file exists for FW-I on Cascade-R3. Creating new experiment.
No experiment file exists for FW-I on Cascade-R4. Creating new experiment.
No experiment file exists for FW-I on Cascade-R5. Creating new experiment.
No experiment file exists for FW-Z on OPENJ-R1. Creating new experiment.
No experiment file exists for FW-Z on OPENJ-R2. Creating new experiment.
No experiment file exists for FW-Z on OPENJ-R3. Creating new experiment.
No experiment file exists for FW-Z on OPENJ-R4. Creating new experiment.
No experiment file exists for FW-Z on OPENJ-R5. Creating new experiment.
No experiment file exists for FW-Z on SAN-R1. Creating new experiment.
No experiment file exists for FW-Z on SAN-R2. Creating new experiment.
No experiment file exists for FW-Z on SAN-R3. Creating new experiment.
No experiment file exists for FW-Z on SAN-R4. Creating new experiment.
No experiment file exists for FW-Z on SAN-R5. Creating new experiment.
No experiment file exists for FW-Z on SMF-R1. Creating new experiment.
No experiment file exists for FW-Z on SMF-R2. Creating new experiment.
No experiment file exists for FW-Z on SMF-R3. Creating new experiment.
No experiment file exists for FW-Z on SMF-R4. Creating new experiment.
No experiment file exists for FW-Z on SMF-R5. Creating new experiment.
No experiment file exists for FW-Z on SMFCVX-R1. Creating new experiment.
No experiment file exists for FW-Z on SMFCVX-R2. Creating new experiment.
No experiment file exists for FW-Z on SMFCVX-R3. Creating new experiment.
No experiment file exists for FW-Z on SMFCVX-R4. Creating new experiment.
No experiment file exists for FW-Z on SMFCVX-R5. Creating new experiment.
No experiment file exists for FW-Z on Cascade-R1. Creating new experiment.
No experiment file exists for FW-Z on Cascade-R2. Creating new experiment.
No experiment file exists for FW-Z on Cascade-R3. Creating new experiment.
No experiment file exists for FW-Z on Cascade-R4. Creating new experiment.
No experiment file exists for FW-Z on Cascade-R5. Creating new experiment.
No experiment file exists for FW-SS on OPENJ-R1. Creating new experiment.
No experiment file exists for FW-SS on OPENJ-R2. Creating new experiment.
No experiment file exists for FW-SS on OPENJ-R3. Creating new experiment.
No experiment file exists for FW-SS on OPENJ-R4. Creating new experiment.
No experiment file exists for FW-SS on OPENJ-R5. Creating new experiment.
No experiment file exists for FW-SS on SAN-R1. Creating new experiment.
No experiment file exists for FW-SS on SAN-R2. Creating new experiment.
No experiment file exists for FW-SS on SAN-R3. Creating new experiment.
No experiment file exists for FW-SS on SAN-R4. Creating new experiment.
No experiment file exists for FW-SS on SAN-R5. Creating new experiment.
No experiment file exists for FW-SS on SMF-R1. Creating new experiment.
No experiment file exists for FW-SS on SMF-R2. Creating new experiment.
No experiment file exists for FW-SS on SMF-R3. Creating new experiment.
No experiment file exists for FW-SS on SMF-R4. Creating new experiment.
No experiment file exists for FW-SS on SMF-R5. Creating new experiment.
No experiment file exists for FW-SS on SMFCVX-R1. Creating new experiment.
No experiment file exists for FW-SS on SMFCVX-R2. Creating new experiment.
No experiment file exists for FW-SS on SMFCVX-R3. Creating new experiment.
No experiment file exists for FW-SS on SMFCVX-R4. Creating new experiment.
No experiment file exists for FW-SS on SMFCVX-R5. Creating new experiment.
No experiment file exists for FW-SS on Cascade-R1. Creating new experiment.
No experiment file exists for FW-SS on Cascade-R2. Creating new experiment.
No experiment file exists for FW-SS on Cascade-R3. Creating new experiment.
No experiment file exists for FW-SS on Cascade-R4. Creating new experiment.
No experiment file exists for FW-SS on Cascade-R5. Creating new experiment.
Running 30 macro-replications of PGD-B on OPENJ-R1.
Running Solver PGD-B on Problem OPENJ-R1.
